<?xml version="1.0" encoding="UTF-8"?>
<robot generator="Robot 7.1 (Python 3.11.7 on win32)" generated="2025-10-20T10:58:41.603613" rpa="false" schemaversion="5">
<suite id="s1" name="Tests" source="D:\Projetos_QA\Projects_Robot\PetStore\petstore\petstore-tests\tests">
<suite id="s1-s1" name="Pets" source="D:\Projetos_QA\Projects_Robot\PetStore\petstore\petstore-tests\tests\pets">
<suite id="s1-s1-s1" name="Add Pet" source="D:\Projetos_QA\Projects_Robot\PetStore\petstore\petstore-tests\tests\pets\add_pet.robot">
<test id="s1-s1-s1-t1" name="Adicionar novo pet com sucesso" line="5">
<kw name="Create Petstore Session" owner="keywords">
<kw name="Create Session" owner="RequestsLibrary">
<msg time="2025-10-20T10:58:42.038224" level="INFO">Creating Session using : alias=petstore, url=http://localhost:8080/api/v3, headers={},                     cookies={}, auth=None, timeout=None, proxies=None, verify=False,                     debug=0 </msg>
<arg>petstore</arg>
<arg>${BASE_URL}</arg>
<doc>Create Session: create a HTTP session to a server</doc>
<status status="PASS" start="2025-10-20T10:58:42.038224" elapsed="0.000000"/>
</kw>
<status status="PASS" start="2025-10-20T10:58:42.038224" elapsed="0.000000"/>
</kw>
<kw name="Create Dictionary" owner="BuiltIn">
<msg time="2025-10-20T10:58:42.040700" level="INFO">${body} = {'id': '12345', 'name': 'Rex', 'status': 'available'}</msg>
<var>${body}</var>
<arg>id=12345</arg>
<arg>name=Rex</arg>
<arg>status=available</arg>
<doc>Creates and returns a dictionary based on the given ``items``.</doc>
<status status="PASS" start="2025-10-20T10:58:42.038224" elapsed="0.002476"/>
</kw>
<kw name="POST On Session" owner="RequestsLibrary">
<msg time="2025-10-20T10:58:42.086564" level="INFO">POST Request : url=http://localhost:8080/api/v3/pet 
 path_url=/api/v3/pet 
 headers={'User-Agent': 'python-requests/2.32.4', 'Accept-Encoding': 'gzip, deflate', 'Accept': '*/*', 'Connection': 'keep-alive', 'Content-Length': '53', 'Content-Type': 'application/json'} 
 body=b'{"id": "12345", "name": "Rex", "status": "available"}' 
 </msg>
<msg time="2025-10-20T10:58:42.086564" level="INFO">POST Response : url=http://localhost:8080/api/v3/pet 
 status=200, reason=OK 
 headers={'Date': 'Mon, 20 Oct 2025 13:58:42 GMT', 'Access-Control-Allow-Origin': '*', 'Access-Control-Allow-Methods': 'GET, POST, DELETE, PUT', 'Access-Control-Allow-Headers': 'Content-Type, api_key, Authorization', 'Access-Control-Expose-Headers': 'Content-Disposition', 'Content-Type': 'application/json', 'Content-Length': '71', 'Server': 'Jetty(9.4.9.v20180320)'} 
 body={"id":12345,"name":"Rex","photoUrls":[],"tags":[],"status":"available"} 
 </msg>
<msg time="2025-10-20T10:58:42.086564" level="INFO">${response} = &lt;Response [200]&gt;</msg>
<var>${response}</var>
<arg>petstore</arg>
<arg>/pet</arg>
<arg>json=${body}</arg>
<doc>Sends a POST request on a previously created HTTP Session.</doc>
<status status="PASS" start="2025-10-20T10:58:42.040700" elapsed="0.045864"/>
</kw>
<kw name="Should Be Equal As Integers" owner="BuiltIn">
<msg time="2025-10-20T10:58:42.095478" level="INFO">Argument types are:
&lt;class 'int'&gt;
&lt;class 'str'&gt;</msg>
<arg>${response.status_code}</arg>
<arg>200</arg>
<doc>Fails if objects are unequal after converting them to integers.</doc>
<status status="PASS" start="2025-10-20T10:58:42.095478" elapsed="0.000000"/>
</kw>
<kw name="Should Contain" owner="BuiltIn">
<arg>${response.text}</arg>
<arg>Rex</arg>
<doc>Fails if ``container`` does not contain ``item`` one or more times.</doc>
<status status="PASS" start="2025-10-20T10:58:42.095478" elapsed="0.001216"/>
</kw>
<tag>pet</tag>
<tag>post</tag>
<status status="PASS" start="2025-10-20T10:58:42.033290" elapsed="0.063404"/>
</test>
<status status="PASS" start="2025-10-20T10:58:41.628175" elapsed="0.468519"/>
</suite>
<status status="PASS" start="2025-10-20T10:58:41.625614" elapsed="0.472571"/>
</suite>
<status status="PASS" start="2025-10-20T10:58:41.604645" elapsed="0.494683"/>
</suite>
<statistics>
<total>
<stat pass="1" fail="0" skip="0">All Tests</stat>
</total>
<tag>
<stat pass="1" fail="0" skip="0">pet</stat>
<stat pass="1" fail="0" skip="0">post</stat>
</tag>
<suite>
<stat pass="1" fail="0" skip="0" id="s1" name="Tests">Tests</stat>
<stat pass="1" fail="0" skip="0" id="s1-s1" name="Pets">Tests.Pets</stat>
<stat pass="1" fail="0" skip="0" id="s1-s1-s1" name="Add Pet">Tests.Pets.Add Pet</stat>
</suite>
</statistics>
<errors>
</errors>
</robot>
